{
  "RSpec": {
    "coverage": {
      "/Users/ohmmy/Desktop/ohmlab/web-learn/app-year-test/form-for-deploy/app/controllers/users_controller.rb": {
        "lines": [
          1,
          1,
          2,
          2,
          null,
          null,
          1,
          null,
          null,
          1,
          2,
          null,
          2,
          4,
          2,
          null,
          null,
          null,
          1,
          3,
          null,
          null,
          1,
          2,
          null,
          2,
          1,
          null,
          1,
          null,
          null,
          null,
          1,
          2,
          2,
          null,
          2,
          2,
          1,
          null,
          3,
          null,
          null,
          null,
          1,
          1,
          2,
          null,
          null
        ]
      },
      "/Users/ohmmy/Desktop/ohmlab/web-learn/app-year-test/form-for-deploy/app/controllers/application_controller.rb": {
        "lines": [
          1,
          null
        ]
      },
      "/Users/ohmmy/Desktop/ohmlab/web-learn/app-year-test/form-for-deploy/app/models/user.rb": {
        "lines": [
          1,
          1,
          null,
          1,
          12,
          null,
          1,
          12,
          null,
          1,
          null,
          1,
          null,
          1,
          null,
          1,
          null,
          1,
          null,
          null,
          null,
          null
        ]
      },
      "/Users/ohmmy/Desktop/ohmlab/web-learn/app-year-test/form-for-deploy/app/models/application_record.rb": {
        "lines": [
          1,
          1,
          null
        ]
      },
      "/Users/ohmmy/Desktop/ohmlab/web-learn/app-year-test/form-for-deploy/app/channels/application_cable/channel.rb": {
        "lines": [
          0,
          0,
          0,
          0
        ],
        "branches": {
        }
      },
      "/Users/ohmmy/Desktop/ohmlab/web-learn/app-year-test/form-for-deploy/app/channels/application_cable/connection.rb": {
        "lines": [
          0,
          0,
          0,
          0
        ],
        "branches": {
        }
      },
      "/Users/ohmmy/Desktop/ohmlab/web-learn/app-year-test/form-for-deploy/app/helpers/application_helper.rb": {
        "lines": [
          0,
          0
        ],
        "branches": {
        }
      },
      "/Users/ohmmy/Desktop/ohmlab/web-learn/app-year-test/form-for-deploy/app/helpers/users_helper.rb": {
        "lines": [
          0,
          0
        ],
        "branches": {
        }
      },
      "/Users/ohmmy/Desktop/ohmlab/web-learn/app-year-test/form-for-deploy/app/jobs/application_job.rb": {
        "lines": [
          0,
          null,
          null,
          null,
          null,
          null,
          0
        ],
        "branches": {
        }
      },
      "/Users/ohmmy/Desktop/ohmlab/web-learn/app-year-test/form-for-deploy/app/mailers/application_mailer.rb": {
        "lines": [
          0,
          0,
          0,
          0
        ],
        "branches": {
        }
      }
    },
    "timestamp": 1726541942
  }
}
